2025-08-09 21:22:54.127 [background-preinit] INFO  org.hibernate.validator.internal.util.Version - HV000001: Hibernate Validator 6.2.5.Final
2025-08-09 21:22:54.149 [main] INFO  com.maxinhai.platform.EquipmentApplication - Starting EquipmentApplication using Java 11.0.26 on DESKTOP-8Q1FO7G with PID 2896 (C:\JavaProject\cloud-platform\cloud-platform-equipment\target\classes started by MaXinHai in C:\JavaProject\cloud-platform)
2025-08-09 21:22:54.150 [main] INFO  com.maxinhai.platform.EquipmentApplication - No active profile set, falling back to 1 default profile: "default"
2025-08-09 21:22:55.862 [main] INFO  com.zaxxer.hikari.HikariDataSource - master - Starting...
2025-08-09 21:22:55.973 [main] INFO  com.zaxxer.hikari.HikariDataSource - master - Start completed.
2025-08-09 21:22:55.976 [main] INFO  com.zaxxer.hikari.HikariDataSource - slave - Starting...
2025-08-09 21:22:55.990 [main] INFO  com.zaxxer.hikari.HikariDataSource - slave - Start completed.
2025-08-09 21:22:55.990 [main] INFO  c.b.dynamic.datasource.DynamicRoutingDataSource - dynamic-datasource - add a datasource named [slave] success
2025-08-09 21:22:55.990 [main] INFO  c.b.dynamic.datasource.DynamicRoutingDataSource - dynamic-datasource - add a datasource named [master] success
2025-08-09 21:22:55.990 [main] INFO  c.b.dynamic.datasource.DynamicRoutingDataSource - dynamic-datasource initial loaded [2] datasource,primary datasource named [master]
2025-08-09 21:22:56.029 [main] INFO  c.g.y.a.MybatisPlusJoinAutoConfiguration - MPJSqlInjector init
2025-08-09 21:22:57.928 [main] WARN  o.s.c.l.c.LoadBalancerCacheAutoConfiguration$LoadBalancerCaffeineWarnLogger - Spring Cloud LoadBalancer is currently working with the default cache. While this cache implementation is useful for development and tests, it's recommended to use Caffeine cache in production.You can switch to using Caffeine cache, by adding it and org.springframework.cache.caffeine.CaffeineCacheManager to the classpath.
2025-08-09 21:22:58.505 [main] INFO  com.maxinhai.platform.EquipmentApplication - Started EquipmentApplication in 6.18 seconds (JVM running for 6.743)
2025-08-09 21:37:10.646 [Thread-6] WARN  com.alibaba.nacos.common.notify.NotifyCenter - [NotifyCenter] Start destroying Publisher
2025-08-09 21:37:10.647 [Thread-6] WARN  com.alibaba.nacos.common.notify.NotifyCenter - [NotifyCenter] Destruction of the end
2025-08-09 21:37:10.647 [Thread-1] WARN  com.alibaba.nacos.common.http.HttpClientBeanHolder - [HttpClientBeanHolder] Start destroying common HttpClient
2025-08-09 21:37:10.650 [Thread-1] WARN  com.alibaba.nacos.common.http.HttpClientBeanHolder - [HttpClientBeanHolder] Destruction of the end
2025-08-09 21:37:10.947 [SpringApplicationShutdownHook] INFO  c.b.dynamic.datasource.DynamicRoutingDataSource - dynamic-datasource start closing ....
2025-08-09 21:37:10.948 [SpringApplicationShutdownHook] INFO  com.zaxxer.hikari.HikariDataSource - slave - Shutdown initiated...
2025-08-09 21:37:10.955 [SpringApplicationShutdownHook] INFO  com.zaxxer.hikari.HikariDataSource - slave - Shutdown completed.
2025-08-09 21:37:10.955 [SpringApplicationShutdownHook] INFO  com.zaxxer.hikari.HikariDataSource - master - Shutdown initiated...
2025-08-09 21:37:10.963 [SpringApplicationShutdownHook] INFO  com.zaxxer.hikari.HikariDataSource - master - Shutdown completed.
2025-08-09 21:37:10.963 [SpringApplicationShutdownHook] INFO  c.b.dynamic.datasource.DynamicRoutingDataSource - dynamic-datasource all closed success,bye
