2025-08-09 21:23:06.947 [background-preinit] INFO  org.hibernate.validator.internal.util.Version - HV000001: Hibernate Validator 6.2.5.Final
2025-08-09 21:23:06.958 [main] INFO  com.maxinhai.platform.WarehouseApplication - Starting WarehouseApplication using Java 11.0.26 on DESKTOP-8Q1FO7G with PID 17236 (C:\JavaProject\cloud-platform\cloud-platform-warehouse\target\classes started by MaXinHai in C:\JavaProject\cloud-platform)
2025-08-09 21:23:06.959 [main] INFO  com.maxinhai.platform.WarehouseApplication - No active profile set, falling back to 1 default profile: "default"
2025-08-09 21:23:08.110 [main] WARN  org.mybatis.spring.mapper.ClassPathMapperScanner - Skipping MapperFactoryBean with name 'inventoryAdjustmentDetailMapper' and 'com.maxinhai.platform.mapper.inventory.InventoryAdjustmentDetailMapper' mapperInterface. Bean already defined with the same name!
2025-08-09 21:23:08.112 [main] WARN  org.mybatis.spring.mapper.ClassPathMapperScanner - Skipping MapperFactoryBean with name 'inventoryAdjustmentMapper' and 'com.maxinhai.platform.mapper.inventory.InventoryAdjustmentMapper' mapperInterface. Bean already defined with the same name!
2025-08-09 21:23:08.112 [main] WARN  org.mybatis.spring.mapper.ClassPathMapperScanner - Skipping MapperFactoryBean with name 'inventoryMapper' and 'com.maxinhai.platform.mapper.inventory.InventoryMapper' mapperInterface. Bean already defined with the same name!
2025-08-09 21:23:08.112 [main] WARN  org.mybatis.spring.mapper.ClassPathMapperScanner - Skipping MapperFactoryBean with name 'warehouseAreaMapper' and 'com.maxinhai.platform.mapper.model.WarehouseAreaMapper' mapperInterface. Bean already defined with the same name!
2025-08-09 21:23:08.112 [main] WARN  org.mybatis.spring.mapper.ClassPathMapperScanner - Skipping MapperFactoryBean with name 'warehouseLocationMapper' and 'com.maxinhai.platform.mapper.model.WarehouseLocationMapper' mapperInterface. Bean already defined with the same name!
2025-08-09 21:23:08.112 [main] WARN  org.mybatis.spring.mapper.ClassPathMapperScanner - Skipping MapperFactoryBean with name 'warehouseMapper' and 'com.maxinhai.platform.mapper.model.WarehouseMapper' mapperInterface. Bean already defined with the same name!
2025-08-09 21:23:08.112 [main] WARN  org.mybatis.spring.mapper.ClassPathMapperScanner - Skipping MapperFactoryBean with name 'warehouseRackMapper' and 'com.maxinhai.platform.mapper.model.WarehouseRackMapper' mapperInterface. Bean already defined with the same name!
2025-08-09 21:23:08.112 [main] WARN  org.mybatis.spring.mapper.ClassPathMapperScanner - Skipping MapperFactoryBean with name 'issueOrderDetailMapper' and 'com.maxinhai.platform.mapper.order.IssueOrderDetailMapper' mapperInterface. Bean already defined with the same name!
2025-08-09 21:23:08.112 [main] WARN  org.mybatis.spring.mapper.ClassPathMapperScanner - Skipping MapperFactoryBean with name 'issueOrderMapper' and 'com.maxinhai.platform.mapper.order.IssueOrderMapper' mapperInterface. Bean already defined with the same name!
2025-08-09 21:23:08.112 [main] WARN  org.mybatis.spring.mapper.ClassPathMapperScanner - Skipping MapperFactoryBean with name 'receiptOrderDetailMapper' and 'com.maxinhai.platform.mapper.order.ReceiptOrderDetailMapper' mapperInterface. Bean already defined with the same name!
2025-08-09 21:23:08.112 [main] WARN  org.mybatis.spring.mapper.ClassPathMapperScanner - Skipping MapperFactoryBean with name 'receiptOrderMapper' and 'com.maxinhai.platform.mapper.order.ReceiptOrderMapper' mapperInterface. Bean already defined with the same name!
2025-08-09 21:23:08.112 [main] WARN  org.mybatis.spring.mapper.ClassPathMapperScanner - Skipping MapperFactoryBean with name 'transferOrderDetailMapper' and 'com.maxinhai.platform.mapper.order.TransferOrderDetailMapper' mapperInterface. Bean already defined with the same name!
2025-08-09 21:23:08.112 [main] WARN  org.mybatis.spring.mapper.ClassPathMapperScanner - Skipping MapperFactoryBean with name 'transferOrderMapper' and 'com.maxinhai.platform.mapper.order.TransferOrderMapper' mapperInterface. Bean already defined with the same name!
2025-08-09 21:23:08.112 [main] WARN  org.mybatis.spring.mapper.ClassPathMapperScanner - Skipping MapperFactoryBean with name 'stocktakingDetailMapper' and 'com.maxinhai.platform.mapper.stocktaking.StocktakingDetailMapper' mapperInterface. Bean already defined with the same name!
2025-08-09 21:23:08.112 [main] WARN  org.mybatis.spring.mapper.ClassPathMapperScanner - Skipping MapperFactoryBean with name 'stocktakingMapper' and 'com.maxinhai.platform.mapper.stocktaking.StocktakingMapper' mapperInterface. Bean already defined with the same name!
2025-08-09 21:23:08.112 [main] WARN  org.mybatis.spring.mapper.ClassPathMapperScanner - Skipping MapperFactoryBean with name 'bomDetailMapper' and 'com.maxinhai.platform.mapper.BomDetailMapper' mapperInterface. Bean already defined with the same name!
2025-08-09 21:23:08.112 [main] WARN  org.mybatis.spring.mapper.ClassPathMapperScanner - Skipping MapperFactoryBean with name 'bomMapper' and 'com.maxinhai.platform.mapper.BomMapper' mapperInterface. Bean already defined with the same name!
2025-08-09 21:23:08.112 [main] WARN  org.mybatis.spring.mapper.ClassPathMapperScanner - Skipping MapperFactoryBean with name 'materialMapper' and 'com.maxinhai.platform.mapper.MaterialMapper' mapperInterface. Bean already defined with the same name!
2025-08-09 21:23:08.112 [main] WARN  org.mybatis.spring.mapper.ClassPathMapperScanner - Skipping MapperFactoryBean with name 'materialTypeMapper' and 'com.maxinhai.platform.mapper.MaterialTypeMapper' mapperInterface. Bean already defined with the same name!
2025-08-09 21:23:08.112 [main] WARN  org.mybatis.spring.mapper.ClassPathMapperScanner - Skipping MapperFactoryBean with name 'operationMapper' and 'com.maxinhai.platform.mapper.OperationMapper' mapperInterface. Bean already defined with the same name!
2025-08-09 21:23:08.112 [main] WARN  org.mybatis.spring.mapper.ClassPathMapperScanner - Skipping MapperFactoryBean with name 'productMapper' and 'com.maxinhai.platform.mapper.ProductMapper' mapperInterface. Bean already defined with the same name!
2025-08-09 21:23:08.112 [main] WARN  org.mybatis.spring.mapper.ClassPathMapperScanner - Skipping MapperFactoryBean with name 'routingMapper' and 'com.maxinhai.platform.mapper.RoutingMapper' mapperInterface. Bean already defined with the same name!
2025-08-09 21:23:08.112 [main] WARN  org.mybatis.spring.mapper.ClassPathMapperScanner - Skipping MapperFactoryBean with name 'routingOperationRelMapper' and 'com.maxinhai.platform.mapper.RoutingOperationRelMapper' mapperInterface. Bean already defined with the same name!
2025-08-09 21:23:08.112 [main] WARN  org.mybatis.spring.mapper.ClassPathMapperScanner - Skipping MapperFactoryBean with name 'workCenterMapper' and 'com.maxinhai.platform.mapper.WorkCenterMapper' mapperInterface. Bean already defined with the same name!
2025-08-09 21:23:08.112 [main] WARN  org.mybatis.spring.mapper.ClassPathMapperScanner - No MyBatis mapper was found in '[com.maxinhai.platform.mapper]' package. Please check your configuration.
2025-08-09 21:23:08.752 [main] INFO  com.zaxxer.hikari.HikariDataSource - master - Starting...
2025-08-09 21:23:08.824 [main] INFO  com.zaxxer.hikari.HikariDataSource - master - Start completed.
2025-08-09 21:23:08.825 [main] INFO  com.zaxxer.hikari.HikariDataSource - slave - Starting...
2025-08-09 21:23:08.839 [main] INFO  com.zaxxer.hikari.HikariDataSource - slave - Start completed.
2025-08-09 21:23:08.840 [main] INFO  c.b.dynamic.datasource.DynamicRoutingDataSource - dynamic-datasource - add a datasource named [slave] success
2025-08-09 21:23:08.840 [main] INFO  c.b.dynamic.datasource.DynamicRoutingDataSource - dynamic-datasource - add a datasource named [master] success
2025-08-09 21:23:08.840 [main] INFO  c.b.dynamic.datasource.DynamicRoutingDataSource - dynamic-datasource initial loaded [2] datasource,primary datasource named [master]
2025-08-09 21:23:08.868 [main] INFO  c.g.y.a.MybatisPlusJoinAutoConfiguration - MPJSqlInjector init
2025-08-09 21:23:11.094 [main] WARN  o.s.c.l.c.LoadBalancerCacheAutoConfiguration$LoadBalancerCaffeineWarnLogger - Spring Cloud LoadBalancer is currently working with the default cache. While this cache implementation is useful for development and tests, it's recommended to use Caffeine cache in production.You can switch to using Caffeine cache, by adding it and org.springframework.cache.caffeine.CaffeineCacheManager to the classpath.
2025-08-09 21:23:12.045 [main] INFO  com.maxinhai.platform.WarehouseApplication - Started WarehouseApplication in 6.65 seconds (JVM running for 7.336)
2025-08-09 21:37:10.654 [Thread-6] WARN  com.alibaba.nacos.common.notify.NotifyCenter - [NotifyCenter] Start destroying Publisher
2025-08-09 21:37:10.655 [Thread-6] WARN  com.alibaba.nacos.common.notify.NotifyCenter - [NotifyCenter] Destruction of the end
2025-08-09 21:37:10.656 [Thread-1] WARN  com.alibaba.nacos.common.http.HttpClientBeanHolder - [HttpClientBeanHolder] Start destroying common HttpClient
2025-08-09 21:37:10.659 [Thread-1] WARN  com.alibaba.nacos.common.http.HttpClientBeanHolder - [HttpClientBeanHolder] Destruction of the end
2025-08-09 21:37:10.951 [SpringApplicationShutdownHook] INFO  c.b.dynamic.datasource.DynamicRoutingDataSource - dynamic-datasource start closing ....
2025-08-09 21:37:10.952 [SpringApplicationShutdownHook] INFO  com.zaxxer.hikari.HikariDataSource - slave - Shutdown initiated...
2025-08-09 21:37:10.959 [SpringApplicationShutdownHook] INFO  com.zaxxer.hikari.HikariDataSource - slave - Shutdown completed.
2025-08-09 21:37:10.959 [SpringApplicationShutdownHook] INFO  com.zaxxer.hikari.HikariDataSource - master - Shutdown initiated...
2025-08-09 21:37:10.967 [SpringApplicationShutdownHook] INFO  com.zaxxer.hikari.HikariDataSource - master - Shutdown completed.
2025-08-09 21:37:10.967 [SpringApplicationShutdownHook] INFO  c.b.dynamic.datasource.DynamicRoutingDataSource - dynamic-datasource all closed success,bye
