2025-08-17 16:33:39.937 [background-preinit] INFO  org.hibernate.validator.internal.util.Version - HV000001: Hibernate Validator 6.2.5.Final
2025-08-17 16:33:39.951 [main] INFO  com.maxinhai.platform.ZlmApplication - Starting ZlmApplication using Java 11.0.26 on DESKTOP-8Q1FO7G with PID 26480 (C:\JavaProject\cloud-platform\cloud-platform-zlm\target\classes started by MaXinHai in C:\JavaProject\cloud-platform)
2025-08-17 16:33:39.952 [main] INFO  com.maxinhai.platform.ZlmApplication - No active profile set, falling back to 1 default profile: "default"
2025-08-17 16:33:40.673 [main] WARN  org.mybatis.spring.mapper.ClassPathMapperScanner - No MyBatis mapper was found in '[com.maxinhai.platform.mapper]' package. Please check your configuration.
2025-08-17 16:33:41.856 [main] WARN  c.b.dynamic.datasource.DynamicRoutingDataSource - dynamic-datasource initial loaded [0] datasource,Please add your primary datasource or check your configuration
2025-08-17 16:33:41.901 [main] INFO  c.g.y.a.MybatisPlusJoinAutoConfiguration - MPJSqlInjector init
2025-08-17 16:33:42.104 [main] WARN  o.s.b.w.s.c.AnnotationConfigServletWebServerApplicationContext - Exception encountered during context initialization - cancelling refresh attempt: org.springframework.beans.factory.UnsatisfiedDependencyException: Error creating bean with name 'jdbcMappingContext' defined in class path resource [org/springframework/boot/autoconfigure/data/jdbc/JdbcRepositoriesAutoConfiguration$SpringBootJdbcConfiguration.class]: Unsatisfied dependency expressed through method 'jdbcMappingContext' parameter 1; nested exception is org.springframework.beans.factory.BeanCreationException: Error creating bean with name 'jdbcCustomConversions' defined in class path resource [org/springframework/boot/autoconfigure/data/jdbc/JdbcRepositoriesAutoConfiguration$SpringBootJdbcConfiguration.class]: Bean instantiation via factory method failed; nested exception is org.springframework.beans.BeanInstantiationException: Failed to instantiate [org.springframework.data.jdbc.core.convert.JdbcCustomConversions]: Factory method 'jdbcCustomConversions' threw exception; nested exception is org.springframework.beans.factory.BeanCreationException: Error creating bean with name 'jdbcDialect' defined in class path resource [org/springframework/boot/autoconfigure/data/jdbc/JdbcRepositoriesAutoConfiguration$SpringBootJdbcConfiguration.class]: Bean instantiation via factory method failed; nested exception is org.springframework.beans.BeanInstantiationException: Failed to instantiate [org.springframework.data.relational.core.dialect.Dialect]: Factory method 'jdbcDialect' threw exception; nested exception is com.baomidou.dynamic.datasource.exception.CannotFindDataSourceException: dynamic-datasource can not find primary datasource
2025-08-17 16:33:42.105 [main] INFO  c.b.dynamic.datasource.DynamicRoutingDataSource - dynamic-datasource start closing ....
2025-08-17 16:33:42.105 [main] INFO  c.b.dynamic.datasource.DynamicRoutingDataSource - dynamic-datasource all closed success,bye
2025-08-17 16:33:42.135 [main] ERROR org.springframework.boot.SpringApplication - Application run failed
org.springframework.beans.factory.UnsatisfiedDependencyException: Error creating bean with name 'jdbcMappingContext' defined in class path resource [org/springframework/boot/autoconfigure/data/jdbc/JdbcRepositoriesAutoConfiguration$SpringBootJdbcConfiguration.class]: Unsatisfied dependency expressed through method 'jdbcMappingContext' parameter 1; nested exception is org.springframework.beans.factory.BeanCreationException: Error creating bean with name 'jdbcCustomConversions' defined in class path resource [org/springframework/boot/autoconfigure/data/jdbc/JdbcRepositoriesAutoConfiguration$SpringBootJdbcConfiguration.class]: Bean instantiation via factory method failed; nested exception is org.springframework.beans.BeanInstantiationException: Failed to instantiate [org.springframework.data.jdbc.core.convert.JdbcCustomConversions]: Factory method 'jdbcCustomConversions' threw exception; nested exception is org.springframework.beans.factory.BeanCreationException: Error creating bean with name 'jdbcDialect' defined in class path resource [org/springframework/boot/autoconfigure/data/jdbc/JdbcRepositoriesAutoConfiguration$SpringBootJdbcConfiguration.class]: Bean instantiation via factory method failed; nested exception is org.springframework.beans.BeanInstantiationException: Failed to instantiate [org.springframework.data.relational.core.dialect.Dialect]: Factory method 'jdbcDialect' threw exception; nested exception is com.baomidou.dynamic.datasource.exception.CannotFindDataSourceException: dynamic-datasource can not find primary datasource
	at org.springframework.beans.factory.support.ConstructorResolver.createArgumentArray(ConstructorResolver.java:800)
	at org.springframework.beans.factory.support.ConstructorResolver.instantiateUsingFactoryMethod(ConstructorResolver.java:541)
	at org.springframework.beans.factory.support.AbstractAutowireCapableBeanFactory.instantiateUsingFactoryMethod(AbstractAutowireCapableBeanFactory.java:1352)
	at org.springframework.beans.factory.support.AbstractAutowireCapableBeanFactory.createBeanInstance(AbstractAutowireCapableBeanFactory.java:1195)
	at org.springframework.beans.factory.support.AbstractAutowireCapableBeanFactory.doCreateBean(AbstractAutowireCapableBeanFactory.java:582)
	at org.springframework.beans.factory.support.AbstractAutowireCapableBeanFactory.createBean(AbstractAutowireCapableBeanFactory.java:542)
	at org.springframework.beans.factory.support.AbstractBeanFactory.lambda$doGetBean$0(AbstractBeanFactory.java:335)
	at org.springframework.beans.factory.support.DefaultSingletonBeanRegistry.getSingleton(DefaultSingletonBeanRegistry.java:234)
	at org.springframework.beans.factory.support.AbstractBeanFactory.doGetBean(AbstractBeanFactory.java:333)
	at org.springframework.beans.factory.support.AbstractBeanFactory.getBean(AbstractBeanFactory.java:208)
	at org.springframework.beans.factory.support.DefaultListableBeanFactory.preInstantiateSingletons(DefaultListableBeanFactory.java:955)
	at org.springframework.context.support.AbstractApplicationContext.finishBeanFactoryInitialization(AbstractApplicationContext.java:918)
	at org.springframework.context.support.AbstractApplicationContext.refresh(AbstractApplicationContext.java:583)
	at org.springframework.boot.web.servlet.context.ServletWebServerApplicationContext.refresh(ServletWebServerApplicationContext.java:145)
	at org.springframework.boot.SpringApplication.refresh(SpringApplication.java:745)
	at org.springframework.boot.SpringApplication.refreshContext(SpringApplication.java:420)
	at org.springframework.boot.SpringApplication.run(SpringApplication.java:307)
	at org.springframework.boot.SpringApplication.run(SpringApplication.java:1317)
	at org.springframework.boot.SpringApplication.run(SpringApplication.java:1306)
	at com.maxinhai.platform.ZlmApplication.main(ZlmApplication.java:11)
Caused by: org.springframework.beans.factory.BeanCreationException: Error creating bean with name 'jdbcCustomConversions' defined in class path resource [org/springframework/boot/autoconfigure/data/jdbc/JdbcRepositoriesAutoConfiguration$SpringBootJdbcConfiguration.class]: Bean instantiation via factory method failed; nested exception is org.springframework.beans.BeanInstantiationException: Failed to instantiate [org.springframework.data.jdbc.core.convert.JdbcCustomConversions]: Factory method 'jdbcCustomConversions' threw exception; nested exception is org.springframework.beans.factory.BeanCreationException: Error creating bean with name 'jdbcDialect' defined in class path resource [org/springframework/boot/autoconfigure/data/jdbc/JdbcRepositoriesAutoConfiguration$SpringBootJdbcConfiguration.class]: Bean instantiation via factory method failed; nested exception is org.springframework.beans.BeanInstantiationException: Failed to instantiate [org.springframework.data.relational.core.dialect.Dialect]: Factory method 'jdbcDialect' threw exception; nested exception is com.baomidou.dynamic.datasource.exception.CannotFindDataSourceException: dynamic-datasource can not find primary datasource
	at org.springframework.beans.factory.support.ConstructorResolver.instantiate(ConstructorResolver.java:658)
	at org.springframework.beans.factory.support.ConstructorResolver.instantiateUsingFactoryMethod(ConstructorResolver.java:486)
	at org.springframework.beans.factory.support.AbstractAutowireCapableBeanFactory.instantiateUsingFactoryMethod(AbstractAutowireCapableBeanFactory.java:1352)
	at org.springframework.beans.factory.support.AbstractAutowireCapableBeanFactory.createBeanInstance(AbstractAutowireCapableBeanFactory.java:1195)
	at org.springframework.beans.factory.support.AbstractAutowireCapableBeanFactory.doCreateBean(AbstractAutowireCapableBeanFactory.java:582)
	at org.springframework.beans.factory.support.AbstractAutowireCapableBeanFactory.createBean(AbstractAutowireCapableBeanFactory.java:542)
	at org.springframework.beans.factory.support.AbstractBeanFactory.lambda$doGetBean$0(AbstractBeanFactory.java:335)
	at org.springframework.beans.factory.support.DefaultSingletonBeanRegistry.getSingleton(DefaultSingletonBeanRegistry.java:234)
	at org.springframework.beans.factory.support.AbstractBeanFactory.doGetBean(AbstractBeanFactory.java:333)
	at org.springframework.beans.factory.support.AbstractBeanFactory.getBean(AbstractBeanFactory.java:208)
	at org.springframework.beans.factory.config.DependencyDescriptor.resolveCandidate(DependencyDescriptor.java:276)
	at org.springframework.beans.factory.support.DefaultListableBeanFactory.doResolveDependency(DefaultListableBeanFactory.java:1391)
	at org.springframework.beans.factory.support.DefaultListableBeanFactory.resolveDependency(DefaultListableBeanFactory.java:1311)
	at org.springframework.beans.factory.support.ConstructorResolver.resolveAutowiredArgument(ConstructorResolver.java:887)
	at org.springframework.beans.factory.support.ConstructorResolver.createArgumentArray(ConstructorResolver.java:791)
	... 19 common frames omitted
Caused by: org.springframework.beans.BeanInstantiationException: Failed to instantiate [org.springframework.data.jdbc.core.convert.JdbcCustomConversions]: Factory method 'jdbcCustomConversions' threw exception; nested exception is org.springframework.beans.factory.BeanCreationException: Error creating bean with name 'jdbcDialect' defined in class path resource [org/springframework/boot/autoconfigure/data/jdbc/JdbcRepositoriesAutoConfiguration$SpringBootJdbcConfiguration.class]: Bean instantiation via factory method failed; nested exception is org.springframework.beans.BeanInstantiationException: Failed to instantiate [org.springframework.data.relational.core.dialect.Dialect]: Factory method 'jdbcDialect' threw exception; nested exception is com.baomidou.dynamic.datasource.exception.CannotFindDataSourceException: dynamic-datasource can not find primary datasource
	at org.springframework.beans.factory.support.SimpleInstantiationStrategy.instantiate(SimpleInstantiationStrategy.java:185)
	at org.springframework.beans.factory.support.ConstructorResolver.instantiate(ConstructorResolver.java:653)
	... 33 common frames omitted
Caused by: org.springframework.beans.factory.BeanCreationException: Error creating bean with name 'jdbcDialect' defined in class path resource [org/springframework/boot/autoconfigure/data/jdbc/JdbcRepositoriesAutoConfiguration$SpringBootJdbcConfiguration.class]: Bean instantiation via factory method failed; nested exception is org.springframework.beans.BeanInstantiationException: Failed to instantiate [org.springframework.data.relational.core.dialect.Dialect]: Factory method 'jdbcDialect' threw exception; nested exception is com.baomidou.dynamic.datasource.exception.CannotFindDataSourceException: dynamic-datasource can not find primary datasource
	at org.springframework.beans.factory.support.ConstructorResolver.instantiate(ConstructorResolver.java:658)
	at org.springframework.beans.factory.support.ConstructorResolver.instantiateUsingFactoryMethod(ConstructorResolver.java:638)
	at org.springframework.beans.factory.support.AbstractAutowireCapableBeanFactory.instantiateUsingFactoryMethod(AbstractAutowireCapableBeanFactory.java:1352)
	at org.springframework.beans.factory.support.AbstractAutowireCapableBeanFactory.createBeanInstance(AbstractAutowireCapableBeanFactory.java:1195)
	at org.springframework.beans.factory.support.AbstractAutowireCapableBeanFactory.doCreateBean(AbstractAutowireCapableBeanFactory.java:582)
	at org.springframework.beans.factory.support.AbstractAutowireCapableBeanFactory.createBean(AbstractAutowireCapableBeanFactory.java:542)
	at org.springframework.beans.factory.support.AbstractBeanFactory.lambda$doGetBean$0(AbstractBeanFactory.java:335)
	at org.springframework.beans.factory.support.DefaultSingletonBeanRegistry.getSingleton(DefaultSingletonBeanRegistry.java:234)
	at org.springframework.beans.factory.support.AbstractBeanFactory.doGetBean(AbstractBeanFactory.java:333)
	at org.springframework.beans.factory.support.AbstractBeanFactory.getBean(AbstractBeanFactory.java:233)
	at org.springframework.beans.factory.support.DefaultListableBeanFactory.resolveNamedBean(DefaultListableBeanFactory.java:1284)
	at org.springframework.beans.factory.support.DefaultListableBeanFactory.resolveNamedBean(DefaultListableBeanFactory.java:1245)
	at org.springframework.beans.factory.support.DefaultListableBeanFactory.resolveBean(DefaultListableBeanFactory.java:494)
	at org.springframework.beans.factory.support.DefaultListableBeanFactory.getBean(DefaultListableBeanFactory.java:349)
	at org.springframework.beans.factory.support.DefaultListableBeanFactory.getBean(DefaultListableBeanFactory.java:342)
	at org.springframework.context.support.AbstractApplicationContext.getBean(AbstractApplicationContext.java:1172)
	at org.springframework.data.jdbc.repository.config.AbstractJdbcConfiguration.jdbcCustomConversions(AbstractJdbcConfiguration.java:125)
	at java.base/jdk.internal.reflect.NativeMethodAccessorImpl.invoke0(Native Method)
	at java.base/jdk.internal.reflect.NativeMethodAccessorImpl.invoke(NativeMethodAccessorImpl.java:62)
	at java.base/jdk.internal.reflect.DelegatingMethodAccessorImpl.invoke(DelegatingMethodAccessorImpl.java:43)
	at java.base/java.lang.reflect.Method.invoke(Method.java:566)
	at org.springframework.beans.factory.support.SimpleInstantiationStrategy.instantiate(SimpleInstantiationStrategy.java:154)
	... 34 common frames omitted
Caused by: org.springframework.beans.BeanInstantiationException: Failed to instantiate [org.springframework.data.relational.core.dialect.Dialect]: Factory method 'jdbcDialect' threw exception; nested exception is com.baomidou.dynamic.datasource.exception.CannotFindDataSourceException: dynamic-datasource can not find primary datasource
	at org.springframework.beans.factory.support.SimpleInstantiationStrategy.instantiate(SimpleInstantiationStrategy.java:185)
	at org.springframework.beans.factory.support.ConstructorResolver.instantiate(ConstructorResolver.java:653)
	... 55 common frames omitted
Caused by: com.baomidou.dynamic.datasource.exception.CannotFindDataSourceException: dynamic-datasource can not find primary datasource
	at com.baomidou.dynamic.datasource.DynamicRoutingDataSource.determinePrimaryDataSource(DynamicRoutingDataSource.java:91)
	at com.baomidou.dynamic.datasource.DynamicRoutingDataSource.getDataSource(DynamicRoutingDataSource.java:120)
	at com.baomidou.dynamic.datasource.DynamicRoutingDataSource.determineDataSource(DynamicRoutingDataSource.java:78)
	at com.baomidou.dynamic.datasource.ds.AbstractRoutingDataSource.getConnection(AbstractRoutingDataSource.java:48)
	at org.springframework.jdbc.datasource.DataSourceUtils.fetchConnection(DataSourceUtils.java:159)
	at org.springframework.jdbc.datasource.DataSourceUtils.doGetConnection(DataSourceUtils.java:117)
	at org.springframework.jdbc.datasource.DataSourceUtils.getConnection(DataSourceUtils.java:80)
	at org.springframework.jdbc.core.JdbcTemplate.execute(JdbcTemplate.java:330)
	at org.springframework.data.jdbc.repository.config.DialectResolver$DefaultDialectProvider.getDialect(DialectResolver.java:108)
	at org.springframework.data.jdbc.repository.config.DialectResolver.lambda$getDialect$0(DialectResolver.java:78)
	at java.base/java.util.stream.ReferencePipeline$3$1.accept(ReferencePipeline.java:195)
	at java.base/java.util.ArrayList$ArrayListSpliterator.tryAdvance(ArrayList.java:1632)
	at java.base/java.util.stream.ReferencePipeline.forEachWithCancel(ReferencePipeline.java:127)
	at java.base/java.util.stream.AbstractPipeline.copyIntoWithCancel(AbstractPipeline.java:502)
	at java.base/java.util.stream.AbstractPipeline.copyInto(AbstractPipeline.java:488)
	at java.base/java.util.stream.AbstractPipeline.wrapAndCopyInto(AbstractPipeline.java:474)
	at java.base/java.util.stream.FindOps$FindOp.evaluateSequential(FindOps.java:150)
	at java.base/java.util.stream.AbstractPipeline.evaluate(AbstractPipeline.java:234)
	at java.base/java.util.stream.ReferencePipeline.findFirst(ReferencePipeline.java:543)
	at org.springframework.data.jdbc.repository.config.DialectResolver.getDialect(DialectResolver.java:80)
	at org.springframework.data.jdbc.repository.config.AbstractJdbcConfiguration.jdbcDialect(AbstractJdbcConfiguration.java:193)
	at java.base/jdk.internal.reflect.NativeMethodAccessorImpl.invoke0(Native Method)
	at java.base/jdk.internal.reflect.NativeMethodAccessorImpl.invoke(NativeMethodAccessorImpl.java:62)
	at java.base/jdk.internal.reflect.DelegatingMethodAccessorImpl.invoke(DelegatingMethodAccessorImpl.java:43)
	at java.base/java.lang.reflect.Method.invoke(Method.java:566)
	at org.springframework.beans.factory.support.SimpleInstantiationStrategy.instantiate(SimpleInstantiationStrategy.java:154)
	... 56 common frames omitted
2025-08-17 16:33:42.137 [Thread-6] WARN  com.alibaba.nacos.common.notify.NotifyCenter - [NotifyCenter] Start destroying Publisher
2025-08-17 16:33:42.137 [Thread-1] WARN  com.alibaba.nacos.common.http.HttpClientBeanHolder - [HttpClientBeanHolder] Start destroying common HttpClient
2025-08-17 16:33:42.137 [Thread-6] WARN  com.alibaba.nacos.common.notify.NotifyCenter - [NotifyCenter] Destruction of the end
2025-08-17 16:34:12.146 [background-preinit] INFO  org.hibernate.validator.internal.util.Version - HV000001: Hibernate Validator 6.2.5.Final
2025-08-17 16:34:12.159 [main] INFO  com.maxinhai.platform.ZlmApplication - Starting ZlmApplication using Java 11.0.26 on DESKTOP-8Q1FO7G with PID 27092 (C:\JavaProject\cloud-platform\cloud-platform-zlm\target\classes started by MaXinHai in C:\JavaProject\cloud-platform)
2025-08-17 16:34:12.160 [main] INFO  com.maxinhai.platform.ZlmApplication - No active profile set, falling back to 1 default profile: "default"
2025-08-17 16:34:12.634 [main] WARN  org.mybatis.spring.mapper.ClassPathMapperScanner - No MyBatis mapper was found in '[com.maxinhai.platform.mapper]' package. Please check your configuration.
2025-08-17 16:34:13.778 [main] INFO  com.zaxxer.hikari.HikariDataSource - master - Starting...
2025-08-17 16:34:13.833 [main] INFO  com.zaxxer.hikari.HikariDataSource - master - Start completed.
2025-08-17 16:34:13.835 [main] INFO  com.zaxxer.hikari.HikariDataSource - slave - Starting...
2025-08-17 16:34:13.847 [main] INFO  com.zaxxer.hikari.HikariDataSource - slave - Start completed.
2025-08-17 16:34:13.847 [main] INFO  c.b.dynamic.datasource.DynamicRoutingDataSource - dynamic-datasource - add a datasource named [slave] success
2025-08-17 16:34:13.847 [main] INFO  c.b.dynamic.datasource.DynamicRoutingDataSource - dynamic-datasource - add a datasource named [master] success
2025-08-17 16:34:13.847 [main] INFO  c.b.dynamic.datasource.DynamicRoutingDataSource - dynamic-datasource initial loaded [2] datasource,primary datasource named [master]
2025-08-17 16:34:13.892 [main] INFO  c.g.y.a.MybatisPlusJoinAutoConfiguration - MPJSqlInjector init
2025-08-17 16:34:14.397 [main] WARN  o.s.c.l.c.LoadBalancerCacheAutoConfiguration$LoadBalancerCaffeineWarnLogger - Spring Cloud LoadBalancer is currently working with the default cache. While this cache implementation is useful for development and tests, it's recommended to use Caffeine cache in production.You can switch to using Caffeine cache, by adding it and org.springframework.cache.caffeine.CaffeineCacheManager to the classpath.
2025-08-17 16:34:14.775 [main] INFO  com.maxinhai.platform.ZlmApplication - Started ZlmApplication in 4.1 seconds (JVM running for 4.581)
2025-08-17 16:54:42.992 [Thread-6] WARN  com.alibaba.nacos.common.notify.NotifyCenter - [NotifyCenter] Start destroying Publisher
2025-08-17 16:54:42.992 [Thread-1] WARN  com.alibaba.nacos.common.http.HttpClientBeanHolder - [HttpClientBeanHolder] Start destroying common HttpClient
2025-08-17 16:54:42.993 [Thread-6] WARN  com.alibaba.nacos.common.notify.NotifyCenter - [NotifyCenter] Destruction of the end
2025-08-17 16:54:42.994 [Thread-1] WARN  com.alibaba.nacos.common.http.HttpClientBeanHolder - [HttpClientBeanHolder] Destruction of the end
2025-08-17 16:54:43.132 [SpringApplicationShutdownHook] INFO  c.b.dynamic.datasource.DynamicRoutingDataSource - dynamic-datasource start closing ....
2025-08-17 16:54:43.132 [SpringApplicationShutdownHook] INFO  com.zaxxer.hikari.HikariDataSource - slave - Shutdown initiated...
2025-08-17 16:54:43.137 [SpringApplicationShutdownHook] INFO  com.zaxxer.hikari.HikariDataSource - slave - Shutdown completed.
2025-08-17 16:54:43.137 [SpringApplicationShutdownHook] INFO  com.zaxxer.hikari.HikariDataSource - master - Shutdown initiated...
2025-08-17 16:54:43.142 [SpringApplicationShutdownHook] INFO  com.zaxxer.hikari.HikariDataSource - master - Shutdown completed.
2025-08-17 16:54:43.143 [SpringApplicationShutdownHook] INFO  c.b.dynamic.datasource.DynamicRoutingDataSource - dynamic-datasource all closed success,bye
2025-08-17 17:06:53.765 [background-preinit] INFO  org.hibernate.validator.internal.util.Version - HV000001: Hibernate Validator 6.2.5.Final
2025-08-17 17:06:53.775 [main] INFO  com.maxinhai.platform.ZlmApplication - Starting ZlmApplication using Java 11.0.26 on DESKTOP-8Q1FO7G with PID 9040 (C:\JavaProject\cloud-platform\cloud-platform-zlm\target\classes started by MaXinHai in C:\JavaProject\cloud-platform)
2025-08-17 17:06:53.777 [main] INFO  com.maxinhai.platform.ZlmApplication - No active profile set, falling back to 1 default profile: "default"
2025-08-17 17:06:54.353 [main] WARN  org.mybatis.spring.mapper.ClassPathMapperScanner - No MyBatis mapper was found in '[com.maxinhai.platform.mapper]' package. Please check your configuration.
2025-08-17 17:06:55.448 [main] INFO  com.zaxxer.hikari.HikariDataSource - master - Starting...
2025-08-17 17:06:55.501 [main] INFO  com.zaxxer.hikari.HikariDataSource - master - Start completed.
2025-08-17 17:06:55.503 [main] INFO  com.zaxxer.hikari.HikariDataSource - slave - Starting...
2025-08-17 17:06:55.515 [main] INFO  com.zaxxer.hikari.HikariDataSource - slave - Start completed.
2025-08-17 17:06:55.515 [main] INFO  c.b.dynamic.datasource.DynamicRoutingDataSource - dynamic-datasource - add a datasource named [slave] success
2025-08-17 17:06:55.515 [main] INFO  c.b.dynamic.datasource.DynamicRoutingDataSource - dynamic-datasource - add a datasource named [master] success
2025-08-17 17:06:55.515 [main] INFO  c.b.dynamic.datasource.DynamicRoutingDataSource - dynamic-datasource initial loaded [2] datasource,primary datasource named [master]
2025-08-17 17:06:55.557 [main] INFO  c.g.y.a.MybatisPlusJoinAutoConfiguration - MPJSqlInjector init
2025-08-17 17:06:56.034 [main] WARN  o.s.c.l.c.LoadBalancerCacheAutoConfiguration$LoadBalancerCaffeineWarnLogger - Spring Cloud LoadBalancer is currently working with the default cache. While this cache implementation is useful for development and tests, it's recommended to use Caffeine cache in production.You can switch to using Caffeine cache, by adding it and org.springframework.cache.caffeine.CaffeineCacheManager to the classpath.
2025-08-17 17:06:56.445 [main] INFO  com.maxinhai.platform.ZlmApplication - Started ZlmApplication in 4.102 seconds (JVM running for 4.563)
2025-08-17 17:08:34.019 [Thread-1] WARN  com.alibaba.nacos.common.http.HttpClientBeanHolder - [HttpClientBeanHolder] Start destroying common HttpClient
2025-08-17 17:08:34.019 [Thread-6] WARN  com.alibaba.nacos.common.notify.NotifyCenter - [NotifyCenter] Start destroying Publisher
2025-08-17 17:08:34.020 [Thread-6] WARN  com.alibaba.nacos.common.notify.NotifyCenter - [NotifyCenter] Destruction of the end
2025-08-17 17:08:34.020 [Thread-1] WARN  com.alibaba.nacos.common.http.HttpClientBeanHolder - [HttpClientBeanHolder] Destruction of the end
2025-08-17 17:08:34.200 [SpringApplicationShutdownHook] INFO  c.b.dynamic.datasource.DynamicRoutingDataSource - dynamic-datasource start closing ....
2025-08-17 17:08:34.200 [SpringApplicationShutdownHook] INFO  com.zaxxer.hikari.HikariDataSource - slave - Shutdown initiated...
2025-08-17 17:08:34.225 [SpringApplicationShutdownHook] INFO  com.zaxxer.hikari.HikariDataSource - slave - Shutdown completed.
2025-08-17 17:08:34.225 [SpringApplicationShutdownHook] INFO  com.zaxxer.hikari.HikariDataSource - master - Shutdown initiated...
2025-08-17 17:08:34.232 [SpringApplicationShutdownHook] INFO  com.zaxxer.hikari.HikariDataSource - master - Shutdown completed.
2025-08-17 17:08:34.233 [SpringApplicationShutdownHook] INFO  c.b.dynamic.datasource.DynamicRoutingDataSource - dynamic-datasource all closed success,bye
2025-08-17 17:08:39.727 [background-preinit] INFO  org.hibernate.validator.internal.util.Version - HV000001: Hibernate Validator 6.2.5.Final
2025-08-17 17:08:39.734 [main] INFO  com.maxinhai.platform.ZlmApplication - Starting ZlmApplication using Java 11.0.26 on DESKTOP-8Q1FO7G with PID 6956 (C:\JavaProject\cloud-platform\cloud-platform-zlm\target\classes started by MaXinHai in C:\JavaProject\cloud-platform)
2025-08-17 17:08:39.735 [main] INFO  com.maxinhai.platform.ZlmApplication - No active profile set, falling back to 1 default profile: "default"
2025-08-17 17:08:40.147 [main] WARN  org.mybatis.spring.mapper.ClassPathMapperScanner - No MyBatis mapper was found in '[com.maxinhai.platform.mapper]' package. Please check your configuration.
2025-08-17 17:08:41.209 [main] INFO  com.zaxxer.hikari.HikariDataSource - master - Starting...
2025-08-17 17:08:41.268 [main] INFO  com.zaxxer.hikari.HikariDataSource - master - Start completed.
2025-08-17 17:08:41.269 [main] INFO  com.zaxxer.hikari.HikariDataSource - slave - Starting...
2025-08-17 17:08:41.281 [main] INFO  com.zaxxer.hikari.HikariDataSource - slave - Start completed.
2025-08-17 17:08:41.281 [main] INFO  c.b.dynamic.datasource.DynamicRoutingDataSource - dynamic-datasource - add a datasource named [slave] success
2025-08-17 17:08:41.281 [main] INFO  c.b.dynamic.datasource.DynamicRoutingDataSource - dynamic-datasource - add a datasource named [master] success
2025-08-17 17:08:41.281 [main] INFO  c.b.dynamic.datasource.DynamicRoutingDataSource - dynamic-datasource initial loaded [2] datasource,primary datasource named [master]
2025-08-17 17:08:41.323 [main] INFO  c.g.y.a.MybatisPlusJoinAutoConfiguration - MPJSqlInjector init
2025-08-17 17:08:41.803 [main] WARN  o.s.c.l.c.LoadBalancerCacheAutoConfiguration$LoadBalancerCaffeineWarnLogger - Spring Cloud LoadBalancer is currently working with the default cache. While this cache implementation is useful for development and tests, it's recommended to use Caffeine cache in production.You can switch to using Caffeine cache, by adding it and org.springframework.cache.caffeine.CaffeineCacheManager to the classpath.
2025-08-17 17:08:42.177 [main] INFO  com.maxinhai.platform.ZlmApplication - Started ZlmApplication in 3.872 seconds (JVM running for 4.325)
2025-08-17 17:09:57.617 [Thread-6] WARN  com.alibaba.nacos.common.notify.NotifyCenter - [NotifyCenter] Start destroying Publisher
2025-08-17 17:09:57.617 [Thread-6] WARN  com.alibaba.nacos.common.notify.NotifyCenter - [NotifyCenter] Destruction of the end
2025-08-17 17:09:57.617 [Thread-1] WARN  com.alibaba.nacos.common.http.HttpClientBeanHolder - [HttpClientBeanHolder] Start destroying common HttpClient
2025-08-17 17:09:57.618 [Thread-1] WARN  com.alibaba.nacos.common.http.HttpClientBeanHolder - [HttpClientBeanHolder] Destruction of the end
2025-08-17 17:09:57.771 [SpringApplicationShutdownHook] INFO  c.b.dynamic.datasource.DynamicRoutingDataSource - dynamic-datasource start closing ....
2025-08-17 17:09:57.771 [SpringApplicationShutdownHook] INFO  com.zaxxer.hikari.HikariDataSource - slave - Shutdown initiated...
2025-08-17 17:09:57.777 [SpringApplicationShutdownHook] INFO  com.zaxxer.hikari.HikariDataSource - slave - Shutdown completed.
2025-08-17 17:09:57.777 [SpringApplicationShutdownHook] INFO  com.zaxxer.hikari.HikariDataSource - master - Shutdown initiated...
2025-08-17 17:09:57.781 [SpringApplicationShutdownHook] INFO  com.zaxxer.hikari.HikariDataSource - master - Shutdown completed.
2025-08-17 17:09:57.781 [SpringApplicationShutdownHook] INFO  c.b.dynamic.datasource.DynamicRoutingDataSource - dynamic-datasource all closed success,bye
2025-08-17 17:10:01.895 [background-preinit] INFO  org.hibernate.validator.internal.util.Version - HV000001: Hibernate Validator 6.2.5.Final
2025-08-17 17:10:01.905 [main] INFO  com.maxinhai.platform.ZlmApplication - Starting ZlmApplication using Java 11.0.26 on DESKTOP-8Q1FO7G with PID 24176 (C:\JavaProject\cloud-platform\cloud-platform-zlm\target\classes started by MaXinHai in C:\JavaProject\cloud-platform)
2025-08-17 17:10:01.907 [main] INFO  com.maxinhai.platform.ZlmApplication - No active profile set, falling back to 1 default profile: "default"
2025-08-17 17:10:02.383 [main] WARN  org.mybatis.spring.mapper.ClassPathMapperScanner - No MyBatis mapper was found in '[com.maxinhai.platform.mapper]' package. Please check your configuration.
2025-08-17 17:10:03.512 [main] INFO  com.zaxxer.hikari.HikariDataSource - master - Starting...
2025-08-17 17:10:03.571 [main] INFO  com.zaxxer.hikari.HikariDataSource - master - Start completed.
2025-08-17 17:10:03.572 [main] INFO  com.zaxxer.hikari.HikariDataSource - slave - Starting...
2025-08-17 17:10:03.584 [main] INFO  com.zaxxer.hikari.HikariDataSource - slave - Start completed.
2025-08-17 17:10:03.584 [main] INFO  c.b.dynamic.datasource.DynamicRoutingDataSource - dynamic-datasource - add a datasource named [slave] success
2025-08-17 17:10:03.584 [main] INFO  c.b.dynamic.datasource.DynamicRoutingDataSource - dynamic-datasource - add a datasource named [master] success
2025-08-17 17:10:03.585 [main] INFO  c.b.dynamic.datasource.DynamicRoutingDataSource - dynamic-datasource initial loaded [2] datasource,primary datasource named [master]
2025-08-17 17:10:03.629 [main] INFO  c.g.y.a.MybatisPlusJoinAutoConfiguration - MPJSqlInjector init
2025-08-17 17:10:04.147 [main] WARN  o.s.c.l.c.LoadBalancerCacheAutoConfiguration$LoadBalancerCaffeineWarnLogger - Spring Cloud LoadBalancer is currently working with the default cache. While this cache implementation is useful for development and tests, it's recommended to use Caffeine cache in production.You can switch to using Caffeine cache, by adding it and org.springframework.cache.caffeine.CaffeineCacheManager to the classpath.
2025-08-17 17:10:04.530 [main] INFO  com.maxinhai.platform.ZlmApplication - Started ZlmApplication in 4.082 seconds (JVM running for 4.532)
2025-08-17 17:27:52.931 [Thread-6] WARN  com.alibaba.nacos.common.notify.NotifyCenter - [NotifyCenter] Start destroying Publisher
2025-08-17 17:27:52.931 [Thread-1] WARN  com.alibaba.nacos.common.http.HttpClientBeanHolder - [HttpClientBeanHolder] Start destroying common HttpClient
2025-08-17 17:27:52.931 [Thread-6] WARN  com.alibaba.nacos.common.notify.NotifyCenter - [NotifyCenter] Destruction of the end
2025-08-17 17:27:52.932 [Thread-1] WARN  com.alibaba.nacos.common.http.HttpClientBeanHolder - [HttpClientBeanHolder] Destruction of the end
2025-08-17 17:27:53.067 [SpringApplicationShutdownHook] INFO  c.b.dynamic.datasource.DynamicRoutingDataSource - dynamic-datasource start closing ....
2025-08-17 17:27:53.067 [SpringApplicationShutdownHook] INFO  com.zaxxer.hikari.HikariDataSource - slave - Shutdown initiated...
2025-08-17 17:27:53.074 [SpringApplicationShutdownHook] INFO  com.zaxxer.hikari.HikariDataSource - slave - Shutdown completed.
2025-08-17 17:27:53.075 [SpringApplicationShutdownHook] INFO  com.zaxxer.hikari.HikariDataSource - master - Shutdown initiated...
2025-08-17 17:27:53.079 [SpringApplicationShutdownHook] INFO  com.zaxxer.hikari.HikariDataSource - master - Shutdown completed.
2025-08-17 17:27:53.079 [SpringApplicationShutdownHook] INFO  c.b.dynamic.datasource.DynamicRoutingDataSource - dynamic-datasource all closed success,bye
2025-08-17 17:31:30.555 [background-preinit] INFO  org.hibernate.validator.internal.util.Version - HV000001: Hibernate Validator 6.2.5.Final
2025-08-17 17:31:30.572 [main] INFO  com.maxinhai.platform.ZlmApplication - Starting ZlmApplication using Java 11.0.26 on DESKTOP-8Q1FO7G with PID 12756 (C:\JavaProject\cloud-platform\cloud-platform-zlm\target\classes started by MaXinHai in C:\JavaProject\cloud-platform)
2025-08-17 17:31:30.574 [main] INFO  com.maxinhai.platform.ZlmApplication - No active profile set, falling back to 1 default profile: "default"
2025-08-17 17:31:32.723 [main] INFO  com.zaxxer.hikari.HikariDataSource - master - Starting...
2025-08-17 17:31:32.812 [main] INFO  com.zaxxer.hikari.HikariDataSource - master - Start completed.
2025-08-17 17:31:32.814 [main] INFO  com.zaxxer.hikari.HikariDataSource - slave - Starting...
2025-08-17 17:31:32.826 [main] INFO  com.zaxxer.hikari.HikariDataSource - slave - Start completed.
2025-08-17 17:31:32.826 [main] INFO  c.b.dynamic.datasource.DynamicRoutingDataSource - dynamic-datasource - add a datasource named [slave] success
2025-08-17 17:31:32.827 [main] INFO  c.b.dynamic.datasource.DynamicRoutingDataSource - dynamic-datasource - add a datasource named [master] success
2025-08-17 17:31:32.827 [main] INFO  c.b.dynamic.datasource.DynamicRoutingDataSource - dynamic-datasource initial loaded [2] datasource,primary datasource named [master]
2025-08-17 17:31:32.871 [main] INFO  c.g.y.a.MybatisPlusJoinAutoConfiguration - MPJSqlInjector init
2025-08-17 17:31:33.364 [main] WARN  o.s.c.l.c.LoadBalancerCacheAutoConfiguration$LoadBalancerCaffeineWarnLogger - Spring Cloud LoadBalancer is currently working with the default cache. While this cache implementation is useful for development and tests, it's recommended to use Caffeine cache in production.You can switch to using Caffeine cache, by adding it and org.springframework.cache.caffeine.CaffeineCacheManager to the classpath.
2025-08-17 17:31:33.921 [main] INFO  com.maxinhai.platform.ZlmApplication - Started ZlmApplication in 4.943 seconds (JVM running for 5.526)
2025-08-17 18:23:32.948 [Thread-6] WARN  com.alibaba.nacos.common.notify.NotifyCenter - [NotifyCenter] Start destroying Publisher
2025-08-17 18:23:32.948 [Thread-1] WARN  com.alibaba.nacos.common.http.HttpClientBeanHolder - [HttpClientBeanHolder] Start destroying common HttpClient
2025-08-17 18:23:32.948 [Thread-6] WARN  com.alibaba.nacos.common.notify.NotifyCenter - [NotifyCenter] Destruction of the end
2025-08-17 18:23:32.949 [Thread-1] WARN  com.alibaba.nacos.common.http.HttpClientBeanHolder - [HttpClientBeanHolder] Destruction of the end
2025-08-17 18:23:33.095 [SpringApplicationShutdownHook] INFO  c.b.dynamic.datasource.DynamicRoutingDataSource - dynamic-datasource start closing ....
2025-08-17 18:23:33.095 [SpringApplicationShutdownHook] INFO  com.zaxxer.hikari.HikariDataSource - slave - Shutdown initiated...
2025-08-17 18:23:33.098 [SpringApplicationShutdownHook] INFO  com.zaxxer.hikari.HikariDataSource - slave - Shutdown completed.
2025-08-17 18:23:33.099 [SpringApplicationShutdownHook] INFO  com.zaxxer.hikari.HikariDataSource - master - Shutdown initiated...
2025-08-17 18:23:33.102 [SpringApplicationShutdownHook] INFO  com.zaxxer.hikari.HikariDataSource - master - Shutdown completed.
2025-08-17 18:23:33.102 [SpringApplicationShutdownHook] INFO  c.b.dynamic.datasource.DynamicRoutingDataSource - dynamic-datasource all closed success,bye
2025-08-17 18:43:16.693 [background-preinit] INFO  org.hibernate.validator.internal.util.Version - HV000001: Hibernate Validator 6.2.5.Final
2025-08-17 18:43:16.719 [main] INFO  com.maxinhai.platform.ZlmApplication - Starting ZlmApplication using Java 11.0.26 on DESKTOP-8Q1FO7G with PID 26492 (C:\JavaProject\cloud-platform\cloud-platform-zlm\target\classes started by MaXinHai in C:\JavaProject\cloud-platform)
2025-08-17 18:43:16.720 [main] INFO  com.maxinhai.platform.ZlmApplication - No active profile set, falling back to 1 default profile: "default"
2025-08-17 18:43:19.109 [main] INFO  com.zaxxer.hikari.HikariDataSource - master - Starting...
2025-08-17 18:43:19.182 [main] INFO  com.zaxxer.hikari.HikariDataSource - master - Start completed.
2025-08-17 18:43:19.184 [main] INFO  com.zaxxer.hikari.HikariDataSource - slave - Starting...
2025-08-17 18:43:19.196 [main] INFO  com.zaxxer.hikari.HikariDataSource - slave - Start completed.
2025-08-17 18:43:19.197 [main] INFO  c.b.dynamic.datasource.DynamicRoutingDataSource - dynamic-datasource - add a datasource named [slave] success
2025-08-17 18:43:19.197 [main] INFO  c.b.dynamic.datasource.DynamicRoutingDataSource - dynamic-datasource - add a datasource named [master] success
2025-08-17 18:43:19.197 [main] INFO  c.b.dynamic.datasource.DynamicRoutingDataSource - dynamic-datasource initial loaded [2] datasource,primary datasource named [master]
2025-08-17 18:43:19.251 [main] INFO  c.g.y.a.MybatisPlusJoinAutoConfiguration - MPJSqlInjector init
2025-08-17 18:43:19.834 [main] WARN  o.s.c.l.c.LoadBalancerCacheAutoConfiguration$LoadBalancerCaffeineWarnLogger - Spring Cloud LoadBalancer is currently working with the default cache. While this cache implementation is useful for development and tests, it's recommended to use Caffeine cache in production.You can switch to using Caffeine cache, by adding it and org.springframework.cache.caffeine.CaffeineCacheManager to the classpath.
2025-08-17 18:43:20.379 [main] INFO  com.maxinhai.platform.ZlmApplication - Started ZlmApplication in 5.353 seconds (JVM running for 5.833)
2025-08-17 18:43:43.825 [http-nio-10070-exec-1] INFO  com.maxinhai.platform.config.SaTokenConfigure - ---------- 进入Sa-Token全局认证 -----------
2025-08-17 18:43:43.831 [http-nio-10070-exec-1] INFO  com.maxinhai.platform.config.SaTokenConfigure - ---------- 进入Sa-Token异常处理 -----------
2025-08-17 18:43:45.896 [http-nio-10070-exec-2] INFO  com.maxinhai.platform.config.SaTokenConfigure - ---------- 进入Sa-Token全局认证 -----------
2025-08-17 18:43:45.896 [http-nio-10070-exec-2] INFO  com.maxinhai.platform.config.SaTokenConfigure - ---------- 进入Sa-Token异常处理 -----------
2025-08-17 18:43:56.672 [http-nio-10070-exec-3] INFO  com.maxinhai.platform.config.SaTokenConfigure - ---------- 进入Sa-Token全局认证 -----------
2025-08-17 18:43:56.672 [http-nio-10070-exec-3] INFO  com.maxinhai.platform.config.SaTokenConfigure - ---------- 进入Sa-Token异常处理 -----------
2025-08-17 18:44:44.480 [http-nio-10070-exec-10] INFO  com.maxinhai.platform.config.SaTokenConfigure - ---------- 进入Sa-Token全局认证 -----------
2025-08-17 18:44:44.480 [http-nio-10070-exec-10] INFO  com.maxinhai.platform.config.SaTokenConfigure - ---------- 进入Sa-Token异常处理 -----------
2025-08-17 18:44:48.649 [http-nio-10070-exec-6] INFO  com.maxinhai.platform.config.SaTokenConfigure - ---------- 进入Sa-Token全局认证 -----------
2025-08-17 18:44:48.650 [http-nio-10070-exec-6] INFO  com.maxinhai.platform.config.SaTokenConfigure - ---------- 进入Sa-Token异常处理 -----------
2025-08-17 18:51:41.039 [http-nio-10070-exec-5] INFO  com.maxinhai.platform.config.SaTokenConfigure - ---------- 进入Sa-Token全局认证 -----------
2025-08-17 18:51:41.039 [http-nio-10070-exec-5] INFO  com.maxinhai.platform.config.SaTokenConfigure - ---------- 进入Sa-Token异常处理 -----------
2025-08-17 18:51:41.649 [http-nio-10070-exec-9] INFO  com.maxinhai.platform.config.SaTokenConfigure - ---------- 进入Sa-Token全局认证 -----------
2025-08-17 18:51:41.649 [http-nio-10070-exec-9] INFO  com.maxinhai.platform.config.SaTokenConfigure - ---------- 进入Sa-Token异常处理 -----------
2025-08-17 18:51:58.964 [http-nio-10070-exec-10] INFO  com.maxinhai.platform.config.SaTokenConfigure - ---------- 进入Sa-Token全局认证 -----------
2025-08-17 18:51:58.964 [http-nio-10070-exec-10] INFO  com.maxinhai.platform.config.SaTokenConfigure - ---------- 进入Sa-Token异常处理 -----------
2025-08-17 18:52:12.142 [http-nio-10070-exec-6] INFO  com.maxinhai.platform.config.SaTokenConfigure - ---------- 进入Sa-Token全局认证 -----------
2025-08-17 18:52:12.142 [http-nio-10070-exec-6] INFO  com.maxinhai.platform.config.SaTokenConfigure - ---------- 进入Sa-Token异常处理 -----------
2025-08-17 18:52:54.815 [http-nio-10070-exec-8] INFO  com.maxinhai.platform.config.SaTokenConfigure - ---------- 进入Sa-Token全局认证 -----------
2025-08-17 18:52:54.815 [http-nio-10070-exec-8] INFO  com.maxinhai.platform.config.SaTokenConfigure - ---------- 进入Sa-Token异常处理 -----------
2025-08-17 18:52:55.949 [http-nio-10070-exec-3] INFO  com.maxinhai.platform.config.SaTokenConfigure - ---------- 进入Sa-Token全局认证 -----------
2025-08-17 18:52:55.950 [http-nio-10070-exec-3] INFO  com.maxinhai.platform.config.SaTokenConfigure - ---------- 进入Sa-Token异常处理 -----------
2025-08-17 18:54:26.638 [http-nio-10070-exec-5] INFO  com.maxinhai.platform.config.SaTokenConfigure - ---------- 进入Sa-Token全局认证 -----------
2025-08-17 18:54:26.638 [http-nio-10070-exec-5] INFO  com.maxinhai.platform.config.SaTokenConfigure - ---------- 进入Sa-Token异常处理 -----------
2025-08-17 18:54:30.627 [http-nio-10070-exec-9] INFO  com.maxinhai.platform.config.SaTokenConfigure - ---------- 进入Sa-Token全局认证 -----------
2025-08-17 18:54:30.628 [http-nio-10070-exec-9] INFO  com.maxinhai.platform.config.SaTokenConfigure - ---------- 进入Sa-Token异常处理 -----------
2025-08-17 19:03:06.324 [Thread-1] WARN  com.alibaba.nacos.common.http.HttpClientBeanHolder - [HttpClientBeanHolder] Start destroying common HttpClient
2025-08-17 19:03:06.325 [Thread-6] WARN  com.alibaba.nacos.common.notify.NotifyCenter - [NotifyCenter] Start destroying Publisher
2025-08-17 19:03:06.325 [Thread-6] WARN  com.alibaba.nacos.common.notify.NotifyCenter - [NotifyCenter] Destruction of the end
2025-08-17 19:03:06.328 [Thread-1] WARN  com.alibaba.nacos.common.http.HttpClientBeanHolder - [HttpClientBeanHolder] Destruction of the end
2025-08-17 19:03:06.474 [SpringApplicationShutdownHook] INFO  c.b.dynamic.datasource.DynamicRoutingDataSource - dynamic-datasource start closing ....
2025-08-17 19:03:06.475 [SpringApplicationShutdownHook] INFO  com.zaxxer.hikari.HikariDataSource - slave - Shutdown initiated...
2025-08-17 19:03:06.481 [SpringApplicationShutdownHook] INFO  com.zaxxer.hikari.HikariDataSource - slave - Shutdown completed.
2025-08-17 19:03:06.481 [SpringApplicationShutdownHook] INFO  com.zaxxer.hikari.HikariDataSource - master - Shutdown initiated...
2025-08-17 19:03:06.486 [SpringApplicationShutdownHook] INFO  com.zaxxer.hikari.HikariDataSource - master - Shutdown completed.
2025-08-17 19:03:06.486 [SpringApplicationShutdownHook] INFO  c.b.dynamic.datasource.DynamicRoutingDataSource - dynamic-datasource all closed success,bye
2025-08-17 19:03:14.782 [background-preinit] INFO  org.hibernate.validator.internal.util.Version - HV000001: Hibernate Validator 6.2.5.Final
2025-08-17 19:03:14.797 [main] INFO  com.maxinhai.platform.ZlmApplication - Starting ZlmApplication using Java 11.0.26 on DESKTOP-8Q1FO7G with PID 22300 (C:\JavaProject\cloud-platform\cloud-platform-zlm\target\classes started by MaXinHai in C:\JavaProject\cloud-platform)
2025-08-17 19:03:14.798 [main] INFO  com.maxinhai.platform.ZlmApplication - No active profile set, falling back to 1 default profile: "default"
2025-08-17 19:03:17.388 [main] INFO  com.zaxxer.hikari.HikariDataSource - master - Starting...
2025-08-17 19:03:17.447 [main] INFO  com.zaxxer.hikari.HikariDataSource - master - Start completed.
2025-08-17 19:03:17.448 [main] INFO  com.zaxxer.hikari.HikariDataSource - slave - Starting...
2025-08-17 19:03:17.461 [main] INFO  com.zaxxer.hikari.HikariDataSource - slave - Start completed.
2025-08-17 19:03:17.461 [main] INFO  c.b.dynamic.datasource.DynamicRoutingDataSource - dynamic-datasource - add a datasource named [slave] success
2025-08-17 19:03:17.462 [main] INFO  c.b.dynamic.datasource.DynamicRoutingDataSource - dynamic-datasource - add a datasource named [master] success
2025-08-17 19:03:17.462 [main] INFO  c.b.dynamic.datasource.DynamicRoutingDataSource - dynamic-datasource initial loaded [2] datasource,primary datasource named [master]
2025-08-17 19:03:17.511 [main] INFO  c.g.y.a.MybatisPlusJoinAutoConfiguration - MPJSqlInjector init
2025-08-17 19:03:18.042 [main] WARN  o.s.c.l.c.LoadBalancerCacheAutoConfiguration$LoadBalancerCaffeineWarnLogger - Spring Cloud LoadBalancer is currently working with the default cache. While this cache implementation is useful for development and tests, it's recommended to use Caffeine cache in production.You can switch to using Caffeine cache, by adding it and org.springframework.cache.caffeine.CaffeineCacheManager to the classpath.
2025-08-17 19:03:18.646 [main] INFO  com.maxinhai.platform.ZlmApplication - Started ZlmApplication in 5.628 seconds (JVM running for 6.308)
2025-08-17 19:03:39.743 [http-nio-10070-exec-1] INFO  com.maxinhai.platform.config.SaTokenConfigure - ---------- 进入Sa-Token全局认证 -----------
2025-08-17 19:03:46.734 [http-nio-10070-exec-2] INFO  com.maxinhai.platform.config.SaTokenConfigure - ---------- 进入Sa-Token全局认证 -----------
2025-08-17 19:03:46.739 [http-nio-10070-exec-2] INFO  com.maxinhai.platform.config.SaTokenConfigure - ---------- 进入Sa-Token异常处理 -----------
2025-08-17 19:03:51.132 [http-nio-10070-exec-3] INFO  com.maxinhai.platform.config.SaTokenConfigure - ---------- 进入Sa-Token全局认证 -----------
2025-08-17 19:18:46.554 [background-preinit] INFO  org.hibernate.validator.internal.util.Version - HV000001: Hibernate Validator 6.2.5.Final
2025-08-17 19:18:46.576 [main] INFO  com.maxinhai.platform.ZlmApplication - Starting ZlmApplication using Java 11.0.26 on DESKTOP-8Q1FO7G with PID 16488 (C:\JavaProject\cloud-platform\cloud-platform-zlm\target\classes started by MaXinHai in C:\JavaProject\cloud-platform)
2025-08-17 19:18:46.577 [main] INFO  com.maxinhai.platform.ZlmApplication - No active profile set, falling back to 1 default profile: "default"
2025-08-17 19:18:48.947 [main] INFO  com.zaxxer.hikari.HikariDataSource - master - Starting...
2025-08-17 19:18:49.007 [main] INFO  com.zaxxer.hikari.HikariDataSource - master - Start completed.
2025-08-17 19:18:49.009 [main] INFO  com.zaxxer.hikari.HikariDataSource - slave - Starting...
2025-08-17 19:18:49.022 [main] INFO  com.zaxxer.hikari.HikariDataSource - slave - Start completed.
2025-08-17 19:18:49.022 [main] INFO  c.b.dynamic.datasource.DynamicRoutingDataSource - dynamic-datasource - add a datasource named [slave] success
2025-08-17 19:18:49.022 [main] INFO  c.b.dynamic.datasource.DynamicRoutingDataSource - dynamic-datasource - add a datasource named [master] success
2025-08-17 19:18:49.022 [main] INFO  c.b.dynamic.datasource.DynamicRoutingDataSource - dynamic-datasource initial loaded [2] datasource,primary datasource named [master]
2025-08-17 19:18:49.072 [main] INFO  c.g.y.a.MybatisPlusJoinAutoConfiguration - MPJSqlInjector init
2025-08-17 19:18:49.590 [main] WARN  o.s.c.l.c.LoadBalancerCacheAutoConfiguration$LoadBalancerCaffeineWarnLogger - Spring Cloud LoadBalancer is currently working with the default cache. While this cache implementation is useful for development and tests, it's recommended to use Caffeine cache in production.You can switch to using Caffeine cache, by adding it and org.springframework.cache.caffeine.CaffeineCacheManager to the classpath.
2025-08-17 19:18:50.194 [main] INFO  com.maxinhai.platform.ZlmApplication - Started ZlmApplication in 5.309 seconds (JVM running for 5.783)
2025-08-17 19:19:37.170 [http-nio-10070-exec-1] INFO  com.maxinhai.platform.config.SaTokenConfigure - ---------- 进入Sa-Token全局认证 -----------
2025-08-17 19:19:40.559 [http-nio-10070-exec-2] INFO  com.maxinhai.platform.config.SaTokenConfigure - ---------- 进入Sa-Token全局认证 -----------
2025-08-17 19:19:41.580 [http-nio-10070-exec-3] INFO  com.maxinhai.platform.config.SaTokenConfigure - ---------- 进入Sa-Token全局认证 -----------
2025-08-17 19:19:42.115 [http-nio-10070-exec-4] INFO  com.maxinhai.platform.config.SaTokenConfigure - ---------- 进入Sa-Token全局认证 -----------
2025-08-17 19:19:42.325 [http-nio-10070-exec-6] INFO  com.maxinhai.platform.config.SaTokenConfigure - ---------- 进入Sa-Token全局认证 -----------
2025-08-17 19:19:42.487 [http-nio-10070-exec-7] INFO  com.maxinhai.platform.config.SaTokenConfigure - ---------- 进入Sa-Token全局认证 -----------
2025-08-17 19:19:42.629 [http-nio-10070-exec-5] INFO  com.maxinhai.platform.config.SaTokenConfigure - ---------- 进入Sa-Token全局认证 -----------
2025-08-17 19:19:44.740 [http-nio-10070-exec-9] INFO  com.maxinhai.platform.config.SaTokenConfigure - ---------- 进入Sa-Token全局认证 -----------
2025-08-17 21:04:52.741 [Thread-6] WARN  com.alibaba.nacos.common.notify.NotifyCenter - [NotifyCenter] Start destroying Publisher
2025-08-17 21:04:52.742 [Thread-1] WARN  com.alibaba.nacos.common.http.HttpClientBeanHolder - [HttpClientBeanHolder] Start destroying common HttpClient
2025-08-17 21:04:52.742 [Thread-6] WARN  com.alibaba.nacos.common.notify.NotifyCenter - [NotifyCenter] Destruction of the end
2025-08-17 21:04:52.744 [Thread-1] WARN  com.alibaba.nacos.common.http.HttpClientBeanHolder - [HttpClientBeanHolder] Destruction of the end
2025-08-17 21:04:52.926 [SpringApplicationShutdownHook] INFO  c.b.dynamic.datasource.DynamicRoutingDataSource - dynamic-datasource start closing ....
2025-08-17 21:04:52.927 [SpringApplicationShutdownHook] INFO  com.zaxxer.hikari.HikariDataSource - slave - Shutdown initiated...
2025-08-17 21:04:52.931 [SpringApplicationShutdownHook] INFO  com.zaxxer.hikari.HikariDataSource - slave - Shutdown completed.
2025-08-17 21:04:52.931 [SpringApplicationShutdownHook] INFO  com.zaxxer.hikari.HikariDataSource - master - Shutdown initiated...
2025-08-17 21:04:52.933 [SpringApplicationShutdownHook] INFO  com.zaxxer.hikari.HikariDataSource - master - Shutdown completed.
2025-08-17 21:04:52.934 [SpringApplicationShutdownHook] INFO  c.b.dynamic.datasource.DynamicRoutingDataSource - dynamic-datasource all closed success,bye
